<?xml version="1.0" encoding="UTF-8"?>
<!-- Generated by org.testng.reporters.JUnitXMLReporter -->
<testsuite ignored="2" hostname="LAPTOP-3TRPJN2F" failures="0" tests="3" name="Default test" time="25.791" errors="0" timestamp="2023-10-21T18:21:57 IST">
  <testcase classname="com.infy.testcases.LoginLogout" name="verifyLoginWithGivenCredentials" time="2.793"/>
  <testcase classname="com.infy.testcases.LoginLogout" name="verifyLoginWithGivenCredentials" time="2.699"/>
  <testcase classname="com.infy.testcases.LoginLogout" name="verifyLoginWithGivenCredentials" time="2.701"/>
  <testcase classname="com.infy.testcases.LoginLogout" name="verifyLoginError" time="0.0">
    <ignored/>
  </testcase> <!-- verifyLoginError -->
  <testcase classname="com.infy.testcases.LoginLogout" name="verifyLoginLogout" time="0.0">
    <ignored/>
  </testcase> <!-- verifyLoginLogout -->
</testsuite> <!-- Default test -->
