<?xml version="1.0" encoding="UTF-8"?>
<!-- Generated by org.testng.reporters.JUnitXMLReporter -->
<testsuite ignored="0" hostname="LAPTOP-3TRPJN2F" failures="0" tests="3" name="Default test" time="41.147" errors="0" timestamp="2023-10-19T10:22:37 IST">
  <testcase classname="com.infy.testcases.LoginLogout" name="verifyLogIn" time="3.368"/>
  <testcase classname="com.infy.testcases.LoginLogout" name="verifyLogIn" time="1.035"/>
  <testcase classname="com.infy.testcases.LoginLogout" name="verifyLoginLogout" time="0.003"/>
</testsuite> <!-- Default test -->
