<?xml version="1.0" encoding="UTF-8"?>
<!-- Generated by org.testng.reporters.JUnitXMLReporter -->
<testsuite ignored="0" hostname="LAPTOP-3TRPJN2F" failures="0" tests="3" name="Functional Test" time="34.113" errors="0" timestamp="2023-10-19T10:24:32 IST">
  <testcase classname="com.infy.testcases.LoginLogout" name="verifyLogIn" time="3.658"/>
  <testcase classname="com.infy.testcases.LoginLogout" name="verifyLogIn" time="1.006"/>
  <testcase classname="com.infy.testcases.LoginLogout" name="verifyLoginLogout" time="0.001"/>
</testsuite> <!-- Functional Test -->
