<?xml version="1.0" encoding="UTF-8"?>
<testng-results ignored="0" total="1" passed="1" failed="0" skipped="0">
  <reporter-output>
  </reporter-output>
  <suite started-at="2023-10-21T18:11:04 IST" name="Default suite" finished-at="2023-10-21T18:11:19 IST" duration-ms="15118">
    <groups>
    </groups>
    <test started-at="2023-10-21T18:11:04 IST" name="Default test" finished-at="2023-10-21T18:11:19 IST" duration-ms="15118">
      <class name="com.infy.testcases.OrderProductsBelow$10">
        <test-method is-config="true" signature="setup()[pri:0, instance:com.infy.testcases.OrderProductsBelow$10@1189dd52]" started-at="2023-10-21T18:11:04 IST" name="setup" finished-at="2023-10-21T18:11:12 IST" duration-ms="8181" status="PASS">
          <reporter-output>
          </reporter-output>
        </test-method> <!-- setup -->
        <test-method signature="orderProductsbelow10$()[pri:0, instance:com.infy.testcases.OrderProductsBelow$10@1189dd52]" started-at="2023-10-21T18:11:12 IST" name="orderProductsbelow10$" finished-at="2023-10-21T18:11:19 IST" duration-ms="6629" status="PASS">
          <reporter-output>
          </reporter-output>
        </test-method> <!-- orderProductsbelow10$ -->
        <test-method is-config="true" signature="quit()[pri:0, instance:com.infy.testcases.OrderProductsBelow$10@1189dd52]" started-at="2023-10-21T18:11:19 IST" name="quit" finished-at="2023-10-21T18:11:19 IST" duration-ms="255" status="PASS">
          <reporter-output>
          </reporter-output>
        </test-method> <!-- quit -->
      </class> <!-- com.infy.testcases.OrderProductsBelow$10 -->
    </test> <!-- Default test -->
  </suite> <!-- Default suite -->
</testng-results>
